<?xml version="1.0" encoding="UTF-8"?>
<!-- Generated by org.testng.reporters.JUnitXMLReporter -->
<testsuite ignored="5" hostname="Milans-MBP.ht.home" failures="0" tests="0" time="0.01" errors="0" timestamp="2022-03-21T11:13:14 EDT">
  <testcase classname="day36.DependencyMethods" name="search" time="0.0">
    <ignored/>
  </testcase> <!-- search -->
  <testcase classname="day36.DependencyMethods" name="login" time="0.0">
    <ignored/>
  </testcase> <!-- login -->
  <testcase classname="day36.DependencyMethods" name="openApp" time="0.0">
    <ignored/>
  </testcase> <!-- openApp -->
  <testcase classname="day36.DependencyMethods" name="logout" time="0.0">
    <ignored/>
  </testcase> <!-- logout -->
  <testcase classname="day36.DependencyMethods" name="advsearch" time="0.0">
    <ignored/>
  </testcase> <!-- advsearch -->
</testsuite>
