<?xml version="1.0" encoding="UTF-8"?>
<!-- Generated by org.testng.reporters.JUnitXMLReporter -->
<testsuite ignored="0" hostname="Milans-MBP.ht.home" failures="1" tests="3" name="Test" time="22.742" errors="0" timestamp="2022-03-22T17:28:54 EDT">
  <testcase classname="day39.extentReports.LoginTest" name="testLogo" time="0.052"/>
  <testcase classname="day39.extentReports.LoginTest" name="testLogin" time="18.162">
    <failure type="java.lang.AssertionError" message="null">
      <![CDATA[java.lang.AssertionError: null
at day39.extentReports.LoginTest.testLogin(LoginTest.java:58)
at java.base/java.util.ArrayList.forEach(ArrayList.java:1511)
... Removed 29 stack frames]]>
    </failure>
  </testcase> <!-- testLogin -->
  <testcase classname="day39.extentReports.LoginTest" name="testLogout" time="0.0">
    <skipped/>
  </testcase> <!-- testLogout -->
</testsuite> <!-- Test -->
