<?xml version="1.0" encoding="UTF-8"?>
<testng-results ignored="0" total="1" passed="1" failed="0" skipped="0">
  <reporter-output>
  </reporter-output>
  <suite started-at="2022-03-27T23:14:09 EDT" name="Default suite" finished-at="2022-03-27T23:14:16 EDT" duration-ms="7081">
    <groups>
    </groups>
    <test started-at="2022-03-27T23:14:09 EDT" name="Default test" finished-at="2022-03-27T23:14:16 EDT" duration-ms="7081">
      <class name="day42.ReadingPropertiesFile">
        <test-method is-config="true" signature="readPropertiesfile()[pri:0, instance:day42.ReadingPropertiesFile@1ddf84b8]" started-at="2022-03-27T23:14:09 EDT" name="readPropertiesfile" finished-at="2022-03-27T23:14:09 EDT" duration-ms="12" status="PASS">
          <reporter-output>
          </reporter-output>
        </test-method> <!-- readPropertiesfile -->
        <test-method signature="loginTest()[pri:0, instance:day42.ReadingPropertiesFile@1ddf84b8]" started-at="2022-03-27T23:14:09 EDT" name="loginTest" finished-at="2022-03-27T23:14:16 EDT" duration-ms="6937" status="PASS">
          <reporter-output>
          </reporter-output>
        </test-method> <!-- loginTest -->
        <test-method is-config="true" signature="tearDown()[pri:0, instance:day42.ReadingPropertiesFile@1ddf84b8]" started-at="2022-03-27T23:14:16 EDT" name="tearDown" finished-at="2022-03-27T23:14:16 EDT" duration-ms="96" status="PASS">
          <reporter-output>
          </reporter-output>
        </test-method> <!-- tearDown -->
      </class> <!-- day42.ReadingPropertiesFile -->
    </test> <!-- Default test -->
  </suite> <!-- Default suite -->
</testng-results>
